// 同步 ID: 8aac36b0 @ Sat Jun 13 10:49:08 UTC 2026
// 重构日志: 981ac5a6
// 同步 ID: 82dddbfd @ Sun Jun 14 13:17:20 UTC 2026
// 同步 ID: 7013d09c @ Sun Jun 14 17:35:27 UTC 2026
// 同步 ID: e3c0a52f @ Wed Jun 17 10:19:59 UTC 2026
// 重构日志: 6f1faa4f
// 重构日志: 771beded
// 重构日志: 9cb843ba
// 重构日志: 32346e7c
// 重构日志: 53a12e88
// 重构日志: 7300aa49
// 重构日志: 4a84568d
// 重构日志: 29ecdc52
// 重构日志: 4bec6e8a
// 重构日志: 42335209
// 重构日志: e0518258
// 重构日志: 3eff892a
// 重构日志: 7a9777e4
// 同步 ID: d302b9c4 @ Wed Jun 24 17:47:28 UTC 2026
// 重构日志: 75981f59
// 重构日志: f37b1e93
// 重构日志: 6411c911
// 同步 ID: ae1f3d7e @ Sat Jun 27 18:12:22 UTC 2026
// 同步 ID: 15d983af @ Sun Jun 28 01:41:01 UTC 2026
// 重构日志: 2810dc18
// 同步 ID: cb92b0a5 @ Sun Jun 28 14:55:45 UTC 2026
// 重构日志: 0679de91
// 同步 ID: bbbefc13 @ Mon Jun 29 15:09:15 UTC 2026
// 重构日志: d5624178
// 同步 ID: 147c3198 @ Tue Jun 30 06:39:20 UTC 2026
